C:\SCHOOL\4501.2014\COURSE SOFTWARE\PHYSICS FOR STUDENTS - VS12 LEAN\GAME\DEBUG\GAME.BSC
C:\SCHOOL\4501.2014\COURSE SOFTWARE\PHYSICS FOR STUDENTS - VS12 LEAN\GAME\DEBUG\WORLD.SBR
C:\SCHOOL\4501.2014\COURSE SOFTWARE\PHYSICS FOR STUDENTS - VS12 LEAN\GAME\DEBUG\UTILITIES.SBR
C:\SCHOOL\4501.2014\COURSE SOFTWARE\PHYSICS FOR STUDENTS - VS12 LEAN\GAME\DEBUG\TEXTUREMANAGER.SBR
C:\SCHOOL\4501.2014\COURSE SOFTWARE\PHYSICS FOR STUDENTS - VS12 LEAN\GAME\DEBUG\TEXTURE.SBR
C:\SCHOOL\4501.2014\COURSE SOFTWARE\PHYSICS FOR STUDENTS - VS12 LEAN\GAME\DEBUG\TERRAIN.SBR
C:\SCHOOL\4501.2014\COURSE SOFTWARE\PHYSICS FOR STUDENTS - VS12 LEAN\GAME\DEBUG\SOUND.SBR
C:\SCHOOL\4501.2014\COURSE SOFTWARE\PHYSICS FOR STUDENTS - VS12 LEAN\GAME\DEBUG\SHADERS.SBR
C:\SCHOOL\4501.2014\COURSE SOFTWARE\PHYSICS FOR STUDENTS - VS12 LEAN\GAME\DEBUG\SHADERMANAGER.SBR
C:\SCHOOL\4501.2014\COURSE SOFTWARE\PHYSICS FOR STUDENTS - VS12 LEAN\GAME\DEBUG\POINTS.SBR
C:\SCHOOL\4501.2014\COURSE SOFTWARE\PHYSICS FOR STUDENTS - VS12 LEAN\GAME\DEBUG\PLAYER.SBR
C:\SCHOOL\4501.2014\COURSE SOFTWARE\PHYSICS FOR STUDENTS - VS12 LEAN\GAME\DEBUG\PLANE.SBR
C:\SCHOOL\4501.2014\COURSE SOFTWARE\PHYSICS FOR STUDENTS - VS12 LEAN\GAME\DEBUG\PHYSICSOBJECT.SBR
C:\SCHOOL\4501.2014\COURSE SOFTWARE\PHYSICS FOR STUDENTS - VS12 LEAN\GAME\DEBUG\PHYSICS.SBR
C:\SCHOOL\4501.2014\COURSE SOFTWARE\PHYSICS FOR STUDENTS - VS12 LEAN\GAME\DEBUG\OBJECT.SBR
C:\SCHOOL\4501.2014\COURSE SOFTWARE\PHYSICS FOR STUDENTS - VS12 LEAN\GAME\DEBUG\MAIN.SBR
C:\SCHOOL\4501.2014\COURSE SOFTWARE\PHYSICS FOR STUDENTS - VS12 LEAN\GAME\DEBUG\LOGGING.SBR
C:\SCHOOL\4501.2014\COURSE SOFTWARE\PHYSICS FOR STUDENTS - VS12 LEAN\GAME\DEBUG\INPUTMANAGER.SBR
C:\SCHOOL\4501.2014\COURSE SOFTWARE\PHYSICS FOR STUDENTS - VS12 LEAN\GAME\DEBUG\GAME.SBR
C:\SCHOOL\4501.2014\COURSE SOFTWARE\PHYSICS FOR STUDENTS - VS12 LEAN\GAME\DEBUG\FRUSTUM.SBR
C:\SCHOOL\4501.2014\COURSE SOFTWARE\PHYSICS FOR STUDENTS - VS12 LEAN\GAME\DEBUG\FILEDIALOG.SBR
C:\SCHOOL\4501.2014\COURSE SOFTWARE\PHYSICS FOR STUDENTS - VS12 LEAN\GAME\DEBUG\FILEDIALOG.OBJ
C:\SCHOOL\4501.2014\COURSE SOFTWARE\PHYSICS FOR STUDENTS - VS12 LEAN\GAME\DEBUG\FRUSTUM.OBJ
C:\SCHOOL\4501.2014\COURSE SOFTWARE\PHYSICS FOR STUDENTS - VS12 LEAN\GAME\DEBUG\GAME.OBJ
C:\SCHOOL\4501.2014\COURSE SOFTWARE\PHYSICS FOR STUDENTS - VS12 LEAN\GAME\DEBUG\INPUTMANAGER.OBJ
C:\SCHOOL\4501.2014\COURSE SOFTWARE\PHYSICS FOR STUDENTS - VS12 LEAN\GAME\DEBUG\LOGGING.OBJ
C:\SCHOOL\4501.2014\COURSE SOFTWARE\PHYSICS FOR STUDENTS - VS12 LEAN\GAME\DEBUG\MAIN.OBJ
C:\SCHOOL\4501.2014\COURSE SOFTWARE\PHYSICS FOR STUDENTS - VS12 LEAN\GAME\DEBUG\OBJECT.OBJ
C:\SCHOOL\4501.2014\COURSE SOFTWARE\PHYSICS FOR STUDENTS - VS12 LEAN\GAME\DEBUG\PHYSICS.OBJ
C:\SCHOOL\4501.2014\COURSE SOFTWARE\PHYSICS FOR STUDENTS - VS12 LEAN\GAME\DEBUG\PHYSICSOBJECT.OBJ
C:\SCHOOL\4501.2014\COURSE SOFTWARE\PHYSICS FOR STUDENTS - VS12 LEAN\GAME\DEBUG\PLANE.OBJ
C:\SCHOOL\4501.2014\COURSE SOFTWARE\PHYSICS FOR STUDENTS - VS12 LEAN\GAME\DEBUG\PLAYER.OBJ
C:\SCHOOL\4501.2014\COURSE SOFTWARE\PHYSICS FOR STUDENTS - VS12 LEAN\GAME\DEBUG\POINTS.OBJ
C:\SCHOOL\4501.2014\COURSE SOFTWARE\PHYSICS FOR STUDENTS - VS12 LEAN\GAME\DEBUG\SHADERMANAGER.OBJ
C:\SCHOOL\4501.2014\COURSE SOFTWARE\PHYSICS FOR STUDENTS - VS12 LEAN\GAME\DEBUG\SHADERS.OBJ
C:\SCHOOL\4501.2014\COURSE SOFTWARE\PHYSICS FOR STUDENTS - VS12 LEAN\GAME\DEBUG\SOUND.OBJ
C:\SCHOOL\4501.2014\COURSE SOFTWARE\PHYSICS FOR STUDENTS - VS12 LEAN\GAME\DEBUG\TERRAIN.OBJ
C:\SCHOOL\4501.2014\COURSE SOFTWARE\PHYSICS FOR STUDENTS - VS12 LEAN\GAME\DEBUG\TEXTURE.OBJ
C:\SCHOOL\4501.2014\COURSE SOFTWARE\PHYSICS FOR STUDENTS - VS12 LEAN\GAME\DEBUG\TEXTUREMANAGER.OBJ
C:\SCHOOL\4501.2014\COURSE SOFTWARE\PHYSICS FOR STUDENTS - VS12 LEAN\GAME\DEBUG\UTILITIES.OBJ
C:\SCHOOL\4501.2014\COURSE SOFTWARE\PHYSICS FOR STUDENTS - VS12 LEAN\GAME\DEBUG\WORLD.OBJ
C:\SCHOOL\4501.2014\COURSE SOFTWARE\PHYSICS FOR STUDENTS - VS12 LEAN\GAME\DEBUG\FACEGROUP.SBR
C:\SCHOOL\4501.2014\COURSE SOFTWARE\PHYSICS FOR STUDENTS - VS12 LEAN\GAME\DEBUG\FACE.SBR
C:\SCHOOL\4501.2014\COURSE SOFTWARE\PHYSICS FOR STUDENTS - VS12 LEAN\GAME\DEBUG\EXTENSIONS.SBR
C:\SCHOOL\4501.2014\COURSE SOFTWARE\PHYSICS FOR STUDENTS - VS12 LEAN\GAME\DEBUG\ENVIRONMENTOBJECT.SBR
C:\SCHOOL\4501.2014\COURSE SOFTWARE\PHYSICS FOR STUDENTS - VS12 LEAN\GAME\DEBUG\CAMERA.SBR
C:\SCHOOL\4501.2014\COURSE SOFTWARE\PHYSICS FOR STUDENTS - VS12 LEAN\GAME\DEBUG\BOUNDINGBOX.SBR
C:\SCHOOL\4501.2014\COURSE SOFTWARE\PHYSICS FOR STUDENTS - VS12 LEAN\GAME\DEBUG\BOUNDINGBOX.OBJ
C:\SCHOOL\4501.2014\COURSE SOFTWARE\PHYSICS FOR STUDENTS - VS12 LEAN\GAME\DEBUG\CAMERA.OBJ
C:\SCHOOL\4501.2014\COURSE SOFTWARE\PHYSICS FOR STUDENTS - VS12 LEAN\GAME\DEBUG\ENVIRONMENTOBJECT.OBJ
C:\SCHOOL\4501.2014\COURSE SOFTWARE\PHYSICS FOR STUDENTS - VS12 LEAN\GAME\DEBUG\EXTENSIONS.OBJ
C:\SCHOOL\4501.2014\COURSE SOFTWARE\PHYSICS FOR STUDENTS - VS12 LEAN\GAME\DEBUG\FACE.OBJ
C:\SCHOOL\4501.2014\COURSE SOFTWARE\PHYSICS FOR STUDENTS - VS12 LEAN\GAME\DEBUG\FACEGROUP.OBJ
C:\SCHOOL\4501.2014\COURSE SOFTWARE\PHYSICS FOR STUDENTS - VS12 LEAN\GAME\DEBUG\VC110.PDB
C:\SCHOOL\4501.2014\COURSE SOFTWARE\PHYSICS FOR STUDENTS - VS12 LEAN\GAME\DEBUG\LIGHTINDEXEDRENDERING.SBR
C:\SCHOOL\4501.2014\COURSE SOFTWARE\PHYSICS FOR STUDENTS - VS12 LEAN\GAME\DEBUG\LIGHTINDEXEDRENDERING.OBJ
C:\SCHOOL\4501.2014\COURSE SOFTWARE\PHYSICS FOR STUDENTS - VS12 LEAN\GAME\DEBUG\GAME.ILK
C:\SCHOOL\4501.2014\COURSE SOFTWARE\PHYSICS FOR STUDENTS - VS12 LEAN\GAME\DEBUG\GAME.EXE
C:\SCHOOL\4501.2014\COURSE SOFTWARE\PHYSICS FOR STUDENTS - VS12 LEAN\GAME\DEBUG\GAME.PDB
C:\School\4501.2015\Course Software\Physics for Students - VS12 LEAN\Game\Debug\boundingBox.obj
C:\School\4501.2015\Course Software\Physics for Students - VS12 LEAN\Game\Debug\camera.obj
C:\School\4501.2015\Course Software\Physics for Students - VS12 LEAN\Game\Debug\environmentObject.obj
C:\School\4501.2015\Course Software\Physics for Students - VS12 LEAN\Game\Debug\extensions.obj
C:\School\4501.2015\Course Software\Physics for Students - VS12 LEAN\Game\Debug\face.obj
C:\School\4501.2015\Course Software\Physics for Students - VS12 LEAN\Game\Debug\faceGroup.obj
C:\School\4501.2015\Course Software\Physics for Students - VS12 LEAN\Game\Debug\fileDialog.obj
C:\School\4501.2015\Course Software\Physics for Students - VS12 LEAN\Game\Debug\frustum.obj
C:\School\4501.2015\Course Software\Physics for Students - VS12 LEAN\Game\Debug\game.obj
C:\School\4501.2015\Course Software\Physics for Students - VS12 LEAN\Game\Debug\inputManager.obj
C:\School\4501.2015\Course Software\Physics for Students - VS12 LEAN\Game\Debug\lightIndexedRendering.obj
C:\School\4501.2015\Course Software\Physics for Students - VS12 LEAN\Game\Debug\logging.obj
C:\School\4501.2015\Course Software\Physics for Students - VS12 LEAN\Game\Debug\main.obj
C:\School\4501.2015\Course Software\Physics for Students - VS12 LEAN\Game\Debug\object.obj
C:\School\4501.2015\Course Software\Physics for Students - VS12 LEAN\Game\Debug\physics.obj
C:\School\4501.2015\Course Software\Physics for Students - VS12 LEAN\Game\Debug\physicsObject.obj
C:\School\4501.2015\Course Software\Physics for Students - VS12 LEAN\Game\Debug\plane.obj
C:\School\4501.2015\Course Software\Physics for Students - VS12 LEAN\Game\Debug\player.obj
C:\School\4501.2015\Course Software\Physics for Students - VS12 LEAN\Game\Debug\points.obj
C:\School\4501.2015\Course Software\Physics for Students - VS12 LEAN\Game\Debug\shaderManager.obj
C:\School\4501.2015\Course Software\Physics for Students - VS12 LEAN\Game\Debug\shaders.obj
C:\School\4501.2015\Course Software\Physics for Students - VS12 LEAN\Game\Debug\sound.obj
C:\School\4501.2015\Course Software\Physics for Students - VS12 LEAN\Game\Debug\terrain.obj
C:\School\4501.2015\Course Software\Physics for Students - VS12 LEAN\Game\Debug\texture.obj
C:\School\4501.2015\Course Software\Physics for Students - VS12 LEAN\Game\Debug\textureManager.obj
C:\School\4501.2015\Course Software\Physics for Students - VS12 LEAN\Game\Debug\utilities.obj
C:\School\4501.2015\Course Software\Physics for Students - VS12 LEAN\Game\Debug\world.obj
C:\School\4501.2015\Course Software\Physics for Students - VS12 LEAN\Game\Debug\game.ilk
C:\School\4501.2015\Course Software\Physics for Students - VS12 LEAN\Game\Debug\BscMake.command.1.tlog
C:\School\4501.2015\Course Software\Physics for Students - VS12 LEAN\Game\Debug\bscmake.read.1.tlog
C:\School\4501.2015\Course Software\Physics for Students - VS12 LEAN\Game\Debug\bscmake.write.1.tlog
C:\School\4501.2015\Course Software\Physics for Students - VS12 LEAN\Game\Debug\cl.command.1.tlog
C:\School\4501.2015\Course Software\Physics for Students - VS12 LEAN\Game\Debug\CL.read.1.tlog
C:\School\4501.2015\Course Software\Physics for Students - VS12 LEAN\Game\Debug\CL.write.1.tlog
C:\School\4501.2015\Course Software\Physics for Students - VS12 LEAN\Game\Debug\link-cvtres.read.1.tlog
C:\School\4501.2015\Course Software\Physics for Students - VS12 LEAN\Game\Debug\link-cvtres.write.1.tlog
C:\School\4501.2015\Course Software\Physics for Students - VS12 LEAN\Game\Debug\link-rc.read.1.tlog
C:\School\4501.2015\Course Software\Physics for Students - VS12 LEAN\Game\Debug\link-rc.write.1.tlog
C:\School\4501.2015\Course Software\Physics for Students - VS12 LEAN\Game\Debug\link.16556-cvtres.read.1.tlog
C:\School\4501.2015\Course Software\Physics for Students - VS12 LEAN\Game\Debug\link.16556-cvtres.write.1.tlog
C:\School\4501.2015\Course Software\Physics for Students - VS12 LEAN\Game\Debug\link.16556-rc.read.1.tlog
C:\School\4501.2015\Course Software\Physics for Students - VS12 LEAN\Game\Debug\link.16556-rc.write.1.tlog
C:\School\4501.2015\Course Software\Physics for Students - VS12 LEAN\Game\Debug\link.16556.read.1.tlog
C:\School\4501.2015\Course Software\Physics for Students - VS12 LEAN\Game\Debug\link.16556.write.1.tlog
C:\School\4501.2015\Course Software\Physics for Students - VS12 LEAN\Game\Debug\link.19780-cvtres.read.1.tlog
C:\School\4501.2015\Course Software\Physics for Students - VS12 LEAN\Game\Debug\link.19780-cvtres.write.1.tlog
C:\School\4501.2015\Course Software\Physics for Students - VS12 LEAN\Game\Debug\link.19780-rc.read.1.tlog
C:\School\4501.2015\Course Software\Physics for Students - VS12 LEAN\Game\Debug\link.19780-rc.write.1.tlog
C:\School\4501.2015\Course Software\Physics for Students - VS12 LEAN\Game\Debug\link.19780.read.1.tlog
C:\School\4501.2015\Course Software\Physics for Students - VS12 LEAN\Game\Debug\link.19780.write.1.tlog
C:\School\4501.2015\Course Software\Physics for Students - VS12 LEAN\Game\Debug\link.command.1.tlog
C:\School\4501.2015\Course Software\Physics for Students - VS12 LEAN\Game\Debug\link.read.1.tlog
C:\School\4501.2015\Course Software\Physics for Students - VS12 LEAN\Game\Debug\link.write.1.tlog
C:\School\4501.2015\Course Software\Physics for Students - VS12 LEAN\Game\Debug\vc110.idb
C:\School\4501.2015\Course Software\Physics for Students - VS12 LEAN\Game\Debug\game.pdb
C:\School\4501.2015\Course Software\Physics for Students - VS12 LEAN\Game\Debug\vc110.pdb
C:\School\4501.2015\Course Software\Physics for Students - VS12 LEAN\Game\Debug\game.bsc
C:\School\4501.2015\Course Software\Physics for Students - VS12 LEAN\Game\Debug\boundingBox.sbr
C:\School\4501.2015\Course Software\Physics for Students - VS12 LEAN\Game\Debug\camera.sbr
C:\School\4501.2015\Course Software\Physics for Students - VS12 LEAN\Game\Debug\environmentObject.sbr
C:\School\4501.2015\Course Software\Physics for Students - VS12 LEAN\Game\Debug\extensions.sbr
C:\School\4501.2015\Course Software\Physics for Students - VS12 LEAN\Game\Debug\face.sbr
C:\School\4501.2015\Course Software\Physics for Students - VS12 LEAN\Game\Debug\faceGroup.sbr
C:\School\4501.2015\Course Software\Physics for Students - VS12 LEAN\Game\Debug\fileDialog.sbr
C:\School\4501.2015\Course Software\Physics for Students - VS12 LEAN\Game\Debug\frustum.sbr
C:\School\4501.2015\Course Software\Physics for Students - VS12 LEAN\Game\Debug\game.sbr
C:\School\4501.2015\Course Software\Physics for Students - VS12 LEAN\Game\Debug\inputManager.sbr
C:\School\4501.2015\Course Software\Physics for Students - VS12 LEAN\Game\Debug\lightIndexedRendering.sbr
C:\School\4501.2015\Course Software\Physics for Students - VS12 LEAN\Game\Debug\logging.sbr
C:\School\4501.2015\Course Software\Physics for Students - VS12 LEAN\Game\Debug\main.sbr
C:\School\4501.2015\Course Software\Physics for Students - VS12 LEAN\Game\Debug\object.sbr
C:\School\4501.2015\Course Software\Physics for Students - VS12 LEAN\Game\Debug\physics.sbr
C:\School\4501.2015\Course Software\Physics for Students - VS12 LEAN\Game\Debug\physicsObject.sbr
C:\School\4501.2015\Course Software\Physics for Students - VS12 LEAN\Game\Debug\plane.sbr
C:\School\4501.2015\Course Software\Physics for Students - VS12 LEAN\Game\Debug\player.sbr
C:\School\4501.2015\Course Software\Physics for Students - VS12 LEAN\Game\Debug\points.sbr
C:\School\4501.2015\Course Software\Physics for Students - VS12 LEAN\Game\Debug\shaderManager.sbr
C:\School\4501.2015\Course Software\Physics for Students - VS12 LEAN\Game\Debug\shaders.sbr
C:\School\4501.2015\Course Software\Physics for Students - VS12 LEAN\Game\Debug\sound.sbr
C:\School\4501.2015\Course Software\Physics for Students - VS12 LEAN\Game\Debug\terrain.sbr
C:\School\4501.2015\Course Software\Physics for Students - VS12 LEAN\Game\Debug\texture.sbr
C:\School\4501.2015\Course Software\Physics for Students - VS12 LEAN\Game\Debug\textureManager.sbr
C:\School\4501.2015\Course Software\Physics for Students - VS12 LEAN\Game\Debug\utilities.sbr
C:\School\4501.2015\Course Software\Physics for Students - VS12 LEAN\Game\Debug\world.sbr
C:\School\4501.2015\Course Software\Physics for Students - VS12 LEAN\Game\.\Debug\game.exe
