Build started 29/12/2014 10:27:45 AM.
     1>Project "C:\School\4501.2015\Course Software\Physics for Students - VS12 LEAN\Game\game.vcxproj" on node 2 (Build target(s)).
     1>Link:
         C:\Program Files (x86)\Microsoft Visual Studio 11.0\VC\bin\link.exe /ERRORREPORT:PROMPT /OUT:".\Debug/game.exe" /INCREMENTAL /NOLOGO /LIBPATH:SDKLib\win32 glew32.lib glut32.lib glu32.lib opengl32.lib winmm.lib odbc32.lib odbccp32.lib PhysX3CHECKED_x86.lib PhysX3CookingCHECKED_x86.lib PhysX3CharacterKinematicCHECKED_X86.lib PhysX3ExtensionsCHECKED.lib PhysX3VehicleCHECKED.lib PhysXProfileSDKCHECKED.lib PxTaskCHECKED.lib PhysX3CommonCHECKED_x86.lib kernel32.lib user32.lib gdi32.lib winspool.lib comdlg32.lib advapi32.lib shell32.lib ole32.lib oleaut32.lib uuid.lib odbc32.lib odbccp32.lib /MANIFEST /MANIFESTUAC:"level='asInvoker' uiAccess='false'" /manifest:embed /DEBUG /PDB:".\Debug/game.pdb" /SUBSYSTEM:CONSOLE /HEAP:"0" /TLBID:1 /DYNAMICBASE:NO /IMPLIB:".\Debug\game.lib" /MACHINE:X86 /SAFESEH .\Debug/boundingBox.obj
         .\Debug/camera.obj
         .\Debug/environmentObject.obj
         .\Debug/extensions.obj
         .\Debug/face.obj
         .\Debug/faceGroup.obj
         .\Debug/fileDialog.obj
         .\Debug/frustum.obj
         .\Debug/game.obj
         .\Debug/inputManager.obj
         .\Debug/logging.obj
         .\Debug/main.obj
         .\Debug/object.obj
         .\Debug/physics.obj
         .\Debug/physicsObject.obj
         .\Debug/plane.obj
         .\Debug/player.obj
         .\Debug/points.obj
         .\Debug/shaderManager.obj
         .\Debug/shaders.obj
         .\Debug/sound.obj
         .\Debug/terrain.obj
         .\Debug/texture.obj
         .\Debug/textureManager.obj
         .\Debug/utilities.obj
         .\Debug/world.obj
     1>boundingBox.obj : warning LNK4075: ignoring '/EDITANDCONTINUE' due to '/SAFESEH' specification
     1>LINK : warning LNK4098: defaultlib 'LIBCMT' conflicts with use of other libs; use /NODEFAULTLIB:library
     1>PhysX3ExtensionsCHECKED.lib(ExtCpuWorkerThread.obj) : warning LNK4099: PDB 'physx3extensionschecked.pdb' was not found with 'PhysX3ExtensionsCHECKED.lib(ExtCpuWorkerThread.obj)' or at 'C:\School\4501.2015\Course Software\Physics for Students - VS12 LEAN\Game\Debug\physx3extensionschecked.pdb'; linking object as if no debug info
     1>PhysX3ExtensionsCHECKED.lib(ExtD6Joint.obj) : warning LNK4099: PDB 'physx3extensionschecked.pdb' was not found with 'PhysX3ExtensionsCHECKED.lib(ExtD6Joint.obj)' or at 'C:\School\4501.2015\Course Software\Physics for Students - VS12 LEAN\Game\Debug\physx3extensionschecked.pdb'; linking object as if no debug info
     1>PhysX3ExtensionsCHECKED.lib(ExtD6JointSolverPrep.obj) : warning LNK4099: PDB 'physx3extensionschecked.pdb' was not found with 'PhysX3ExtensionsCHECKED.lib(ExtD6JointSolverPrep.obj)' or at 'C:\School\4501.2015\Course Software\Physics for Students - VS12 LEAN\Game\Debug\physx3extensionschecked.pdb'; linking object as if no debug info
     1>PhysX3ExtensionsCHECKED.lib(ExtDefaultCpuDispatcher.obj) : warning LNK4099: PDB 'physx3extensionschecked.pdb' was not found with 'PhysX3ExtensionsCHECKED.lib(ExtDefaultCpuDispatcher.obj)' or at 'C:\School\4501.2015\Course Software\Physics for Students - VS12 LEAN\Game\Debug\physx3extensionschecked.pdb'; linking object as if no debug info
     1>PhysX3ExtensionsCHECKED.lib(ExtDefaultErrorCallback.obj) : warning LNK4099: PDB 'physx3extensionschecked.pdb' was not found with 'PhysX3ExtensionsCHECKED.lib(ExtDefaultErrorCallback.obj)' or at 'C:\School\4501.2015\Course Software\Physics for Students - VS12 LEAN\Game\Debug\physx3extensionschecked.pdb'; linking object as if no debug info
     1>PhysX3ExtensionsCHECKED.lib(ExtDefaultSimulationFilterShader.obj) : warning LNK4099: PDB 'physx3extensionschecked.pdb' was not found with 'PhysX3ExtensionsCHECKED.lib(ExtDefaultSimulationFilterShader.obj)' or at 'C:\School\4501.2015\Course Software\Physics for Students - VS12 LEAN\Game\Debug\physx3extensionschecked.pdb'; linking object as if no debug info
     1>PhysX3ExtensionsCHECKED.lib(ExtDefaultStreams.obj) : warning LNK4099: PDB 'physx3extensionschecked.pdb' was not found with 'PhysX3ExtensionsCHECKED.lib(ExtDefaultStreams.obj)' or at 'C:\School\4501.2015\Course Software\Physics for Students - VS12 LEAN\Game\Debug\physx3extensionschecked.pdb'; linking object as if no debug info
     1>PhysX3ExtensionsCHECKED.lib(ExtDistanceJoint.obj) : warning LNK4099: PDB 'physx3extensionschecked.pdb' was not found with 'PhysX3ExtensionsCHECKED.lib(ExtDistanceJoint.obj)' or at 'C:\School\4501.2015\Course Software\Physics for Students - VS12 LEAN\Game\Debug\physx3extensionschecked.pdb'; linking object as if no debug info
     1>PhysX3ExtensionsCHECKED.lib(ExtDistanceJointSolverPrep.obj) : warning LNK4099: PDB 'physx3extensionschecked.pdb' was not found with 'PhysX3ExtensionsCHECKED.lib(ExtDistanceJointSolverPrep.obj)' or at 'C:\School\4501.2015\Course Software\Physics for Students - VS12 LEAN\Game\Debug\physx3extensionschecked.pdb'; linking object as if no debug info
     1>PhysX3ExtensionsCHECKED.lib(ExtExtensions.obj) : warning LNK4099: PDB 'physx3extensionschecked.pdb' was not found with 'PhysX3ExtensionsCHECKED.lib(ExtExtensions.obj)' or at 'C:\School\4501.2015\Course Software\Physics for Students - VS12 LEAN\Game\Debug\physx3extensionschecked.pdb'; linking object as if no debug info
     1>PhysX3ExtensionsCHECKED.lib(ExtFixedJoint.obj) : warning LNK4099: PDB 'physx3extensionschecked.pdb' was not found with 'PhysX3ExtensionsCHECKED.lib(ExtFixedJoint.obj)' or at 'C:\School\4501.2015\Course Software\Physics for Students - VS12 LEAN\Game\Debug\physx3extensionschecked.pdb'; linking object as if no debug info
     1>PhysX3ExtensionsCHECKED.lib(ExtFixedJointSolverPrep.obj) : warning LNK4099: PDB 'physx3extensionschecked.pdb' was not found with 'PhysX3ExtensionsCHECKED.lib(ExtFixedJointSolverPrep.obj)' or at 'C:\School\4501.2015\Course Software\Physics for Students - VS12 LEAN\Game\Debug\physx3extensionschecked.pdb'; linking object as if no debug info
     1>PhysX3ExtensionsCHECKED.lib(ExtJoint.obj) : warning LNK4099: PDB 'physx3extensionschecked.pdb' was not found with 'PhysX3ExtensionsCHECKED.lib(ExtJoint.obj)' or at 'C:\School\4501.2015\Course Software\Physics for Students - VS12 LEAN\Game\Debug\physx3extensionschecked.pdb'; linking object as if no debug info
     1>PhysX3ExtensionsCHECKED.lib(ExtMetaData.obj) : warning LNK4099: PDB 'physx3extensionschecked.pdb' was not found with 'PhysX3ExtensionsCHECKED.lib(ExtMetaData.obj)' or at 'C:\School\4501.2015\Course Software\Physics for Students - VS12 LEAN\Game\Debug\physx3extensionschecked.pdb'; linking object as if no debug info
     1>PhysX3ExtensionsCHECKED.lib(ExtPrismaticJoint.obj) : warning LNK4099: PDB 'physx3extensionschecked.pdb' was not found with 'PhysX3ExtensionsCHECKED.lib(ExtPrismaticJoint.obj)' or at 'C:\School\4501.2015\Course Software\Physics for Students - VS12 LEAN\Game\Debug\physx3extensionschecked.pdb'; linking object as if no debug info
     1>PhysX3ExtensionsCHECKED.lib(ExtPrismaticJointSolverPrep.obj) : warning LNK4099: PDB 'physx3extensionschecked.pdb' was not found with 'PhysX3ExtensionsCHECKED.lib(ExtPrismaticJointSolverPrep.obj)' or at 'C:\School\4501.2015\Course Software\Physics for Students - VS12 LEAN\Game\Debug\physx3extensionschecked.pdb'; linking object as if no debug info
     1>PhysX3ExtensionsCHECKED.lib(ExtRevoluteJoint.obj) : warning LNK4099: PDB 'physx3extensionschecked.pdb' was not found with 'PhysX3ExtensionsCHECKED.lib(ExtRevoluteJoint.obj)' or at 'C:\School\4501.2015\Course Software\Physics for Students - VS12 LEAN\Game\Debug\physx3extensionschecked.pdb'; linking object as if no debug info
     1>PhysX3ExtensionsCHECKED.lib(ExtRevoluteJointSolverPrep.obj) : warning LNK4099: PDB 'physx3extensionschecked.pdb' was not found with 'PhysX3ExtensionsCHECKED.lib(ExtRevoluteJointSolverPrep.obj)' or at 'C:\School\4501.2015\Course Software\Physics for Students - VS12 LEAN\Game\Debug\physx3extensionschecked.pdb'; linking object as if no debug info
     1>PhysX3ExtensionsCHECKED.lib(ExtSphericalJoint.obj) : warning LNK4099: PDB 'physx3extensionschecked.pdb' was not found with 'PhysX3ExtensionsCHECKED.lib(ExtSphericalJoint.obj)' or at 'C:\School\4501.2015\Course Software\Physics for Students - VS12 LEAN\Game\Debug\physx3extensionschecked.pdb'; linking object as if no debug info
     1>PhysX3ExtensionsCHECKED.lib(ExtSphericalJointSolverPrep.obj) : warning LNK4099: PDB 'physx3extensionschecked.pdb' was not found with 'PhysX3ExtensionsCHECKED.lib(ExtSphericalJointSolverPrep.obj)' or at 'C:\School\4501.2015\Course Software\Physics for Students - VS12 LEAN\Game\Debug\physx3extensionschecked.pdb'; linking object as if no debug info
     1>PhysX3ExtensionsCHECKED.lib(ExtVisualDebugger.obj) : warning LNK4099: PDB 'physx3extensionschecked.pdb' was not found with 'PhysX3ExtensionsCHECKED.lib(ExtVisualDebugger.obj)' or at 'C:\School\4501.2015\Course Software\Physics for Students - VS12 LEAN\Game\Debug\physx3extensionschecked.pdb'; linking object as if no debug info
     1>PhysX3ExtensionsCHECKED.lib(SnConvX.obj) : warning LNK4099: PDB 'physx3extensionschecked.pdb' was not found with 'PhysX3ExtensionsCHECKED.lib(SnConvX.obj)' or at 'C:\School\4501.2015\Course Software\Physics for Students - VS12 LEAN\Game\Debug\physx3extensionschecked.pdb'; linking object as if no debug info
     1>PhysX3ExtensionsCHECKED.lib(SnConvX_Align.obj) : warning LNK4099: PDB 'physx3extensionschecked.pdb' was not found with 'PhysX3ExtensionsCHECKED.lib(SnConvX_Align.obj)' or at 'C:\School\4501.2015\Course Software\Physics for Students - VS12 LEAN\Game\Debug\physx3extensionschecked.pdb'; linking object as if no debug info
     1>PhysX3ExtensionsCHECKED.lib(SnConvX_Convert.obj) : warning LNK4099: PDB 'physx3extensionschecked.pdb' was not found with 'PhysX3ExtensionsCHECKED.lib(SnConvX_Convert.obj)' or at 'C:\School\4501.2015\Course Software\Physics for Students - VS12 LEAN\Game\Debug\physx3extensionschecked.pdb'; linking object as if no debug info
     1>PhysX3ExtensionsCHECKED.lib(SnConvX_Error.obj) : warning LNK4099: PDB 'physx3extensionschecked.pdb' was not found with 'PhysX3ExtensionsCHECKED.lib(SnConvX_Error.obj)' or at 'C:\School\4501.2015\Course Software\Physics for Students - VS12 LEAN\Game\Debug\physx3extensionschecked.pdb'; linking object as if no debug info
     1>PhysX3ExtensionsCHECKED.lib(SnConvX_MetaData.obj) : warning LNK4099: PDB 'physx3extensionschecked.pdb' was not found with 'PhysX3ExtensionsCHECKED.lib(SnConvX_MetaData.obj)' or at 'C:\School\4501.2015\Course Software\Physics for Students - VS12 LEAN\Game\Debug\physx3extensionschecked.pdb'; linking object as if no debug info
     1>PhysX3ExtensionsCHECKED.lib(SnConvX_Output.obj) : warning LNK4099: PDB 'physx3extensionschecked.pdb' was not found with 'PhysX3ExtensionsCHECKED.lib(SnConvX_Output.obj)' or at 'C:\School\4501.2015\Course Software\Physics for Students - VS12 LEAN\Game\Debug\physx3extensionschecked.pdb'; linking object as if no debug info
     1>PhysX3ExtensionsCHECKED.lib(SnConvX_Union.obj) : warning LNK4099: PDB 'physx3extensionschecked.pdb' was not found with 'PhysX3ExtensionsCHECKED.lib(SnConvX_Union.obj)' or at 'C:\School\4501.2015\Course Software\Physics for Students - VS12 LEAN\Game\Debug\physx3extensionschecked.pdb'; linking object as if no debug info
     1>PhysX3ExtensionsCHECKED.lib(SnJointRepXSerializer.obj) : warning LNK4099: PDB 'physx3extensionschecked.pdb' was not found with 'PhysX3ExtensionsCHECKED.lib(SnJointRepXSerializer.obj)' or at 'C:\School\4501.2015\Course Software\Physics for Students - VS12 LEAN\Game\Debug\physx3extensionschecked.pdb'; linking object as if no debug info
     1>PhysX3ExtensionsCHECKED.lib(SnRepXCoreSerializer.obj) : warning LNK4099: PDB 'physx3extensionschecked.pdb' was not found with 'PhysX3ExtensionsCHECKED.lib(SnRepXCoreSerializer.obj)' or at 'C:\School\4501.2015\Course Software\Physics for Students - VS12 LEAN\Game\Debug\physx3extensionschecked.pdb'; linking object as if no debug info
     1>PhysX3ExtensionsCHECKED.lib(SnRepXUpgrader.obj) : warning LNK4099: PDB 'physx3extensionschecked.pdb' was not found with 'PhysX3ExtensionsCHECKED.lib(SnRepXUpgrader.obj)' or at 'C:\School\4501.2015\Course Software\Physics for Students - VS12 LEAN\Game\Debug\physx3extensionschecked.pdb'; linking object as if no debug info
     1>PhysX3ExtensionsCHECKED.lib(SnXmlSerialization.obj) : warning LNK4099: PDB 'physx3extensionschecked.pdb' was not found with 'PhysX3ExtensionsCHECKED.lib(SnXmlSerialization.obj)' or at 'C:\School\4501.2015\Course Software\Physics for Students - VS12 LEAN\Game\Debug\physx3extensionschecked.pdb'; linking object as if no debug info
     1>PhysX3ExtensionsCHECKED.lib(SnSerialization.obj) : warning LNK4099: PDB 'physx3extensionschecked.pdb' was not found with 'PhysX3ExtensionsCHECKED.lib(SnSerialization.obj)' or at 'C:\School\4501.2015\Course Software\Physics for Students - VS12 LEAN\Game\Debug\physx3extensionschecked.pdb'; linking object as if no debug info
     1>PhysX3ExtensionsCHECKED.lib(SnSerializationRegistry.obj) : warning LNK4099: PDB 'physx3extensionschecked.pdb' was not found with 'PhysX3ExtensionsCHECKED.lib(SnSerializationRegistry.obj)' or at 'C:\School\4501.2015\Course Software\Physics for Students - VS12 LEAN\Game\Debug\physx3extensionschecked.pdb'; linking object as if no debug info
     1>PhysX3ExtensionsCHECKED.lib(SnSerialUtils.obj) : warning LNK4099: PDB 'physx3extensionschecked.pdb' was not found with 'PhysX3ExtensionsCHECKED.lib(SnSerialUtils.obj)' or at 'C:\School\4501.2015\Course Software\Physics for Students - VS12 LEAN\Game\Debug\physx3extensionschecked.pdb'; linking object as if no debug info
     1>PhysX3ExtensionsCHECKED.lib(PxExtensionAutoGeneratedMetaDataObjects.obj) : warning LNK4099: PDB 'physx3extensionschecked.pdb' was not found with 'PhysX3ExtensionsCHECKED.lib(PxExtensionAutoGeneratedMetaDataObjects.obj)' or at 'C:\School\4501.2015\Course Software\Physics for Students - VS12 LEAN\Game\Debug\physx3extensionschecked.pdb'; linking object as if no debug info
     1>PhysX3ExtensionsCHECKED.lib(FastXml.obj) : warning LNK4099: PDB 'physx3extensionschecked.pdb' was not found with 'PhysX3ExtensionsCHECKED.lib(FastXml.obj)' or at 'C:\School\4501.2015\Course Software\Physics for Students - VS12 LEAN\Game\Debug\physx3extensionschecked.pdb'; linking object as if no debug info
     1>PxTaskCHECKED.lib(CudaWrapper.obj) : warning LNK4099: PDB 'pxtaskchecked.pdb' was not found with 'PxTaskCHECKED.lib(CudaWrapper.obj)' or at 'C:\School\4501.2015\Course Software\Physics for Students - VS12 LEAN\Game\Debug\pxtaskchecked.pdb'; linking object as if no debug info
         game.vcxproj -> C:\School\4501.2015\Course Software\Physics for Students - VS12 LEAN\Game\.\Debug\game.exe
       BscMake:
         C:\Program Files (x86)\Microsoft Visual Studio 11.0\VC\bin\bscmake.exe /nologo /o".\Debug/game.bsc" .\Debug\boundingBox.sbr .\Debug\camera.sbr .\Debug\environmentObject.sbr .\Debug\extensions.sbr .\Debug\face.sbr .\Debug\faceGroup.sbr .\Debug\fileDialog.sbr .\Debug\frustum.sbr .\Debug\game.sbr .\Debug\inputManager.sbr .\Debug\logging.sbr .\Debug\main.sbr .\Debug\object.sbr .\Debug\physics.sbr .\Debug\physicsObject.sbr .\Debug\plane.sbr .\Debug\player.sbr .\Debug\points.sbr .\Debug\shaderManager.sbr .\Debug\shaders.sbr .\Debug\sound.sbr .\Debug\terrain.sbr .\Debug\texture.sbr .\Debug\textureManager.sbr .\Debug\utilities.sbr .\Debug\world.sbr
     1>Done Building Project "C:\School\4501.2015\Course Software\Physics for Students - VS12 LEAN\Game\game.vcxproj" (Build target(s)).

Build succeeded.

Time Elapsed 00:00:16.69
